0 info it worked if it ends with ok
1 verbose cli [ 'node', '/usr/local/bin/npm', 'start' ]
2 info using npm@1.4.28
3 info using node@v0.10.35
4 verbose run-script [ 'prestart', 'start', 'poststart' ]
5 info prestart lights-out@1.0.0
6 info start lights-out@1.0.0
7 verbose unsafe-perm in lifecycle true
8 info lights-out@1.0.0 Failed to exec start script
9 error lights-out@1.0.0 start: `rm bundle.js && webpack ./game.js bundle.js && webpack-dev-server`
9 error Exit status 139
10 error Failed at the lights-out@1.0.0 start script.
10 error This is most likely a problem with the lights-out package,
10 error not with npm itself.
10 error Tell the author that this fails on your system:
10 error     rm bundle.js && webpack ./game.js bundle.js && webpack-dev-server
10 error You can get their info via:
10 error     npm owner ls lights-out
10 error There is likely additional logging output above.
11 error System Darwin 14.1.0
12 error command "node" "/usr/local/bin/npm" "start"
13 error cwd /Users/djgreenfield/Documents/turing/module_4/projects/lights-out
14 error node -v v0.10.35
15 error npm -v 1.4.28
16 error code ELIFECYCLE
17 verbose exit [ 1, true ]
